<?xml version="1.0" encoding="UTF-8"?>
<!-- Generated by org.testng.reporters.JUnitXMLReporter -->
<testsuite ignored="0" hostname="DESKTOP-E27VPVB" failures="0" tests="3" name="Test1" time="67.76" errors="0" timestamp="2024-03-15T11:00:14 IST">
  <testcase classname="com.evs.vtiger.testScript.Marketing" name="vt001AccountCreation" time="12.991"/>
  <testcase classname="com.evs.vtiger.testScript.Marketing" name="vt001AccountCreation" time="14.17"/>
  <testcase classname="com.evs.vtiger.testScript.Marketing" name="vt001AccountCreation" time="13.973"/>
</testsuite> <!-- Test1 -->
