<?xml version="1.0" encoding="UTF-8"?>
<!-- Generated by org.testng.reporters.JUnitXMLReporter -->
<testsuite ignored="0" hostname="DESKTOP-E27VPVB" failures="0" tests="3" name="Test2" time="0.649" errors="0" timestamp="2024-03-15T11:00:14 IST">
  <testcase classname="com.evs.vtiger.testScript.MarketingDocuments" name="vt003Documentcreation" time="0.001">
    <skipped/>
  </testcase> <!-- vt003Documentcreation -->
  <testcase classname="com.evs.vtiger.testScript.MarketingDocuments" name="vt003Documentcreation" time="0.0">
    <skipped/>
  </testcase> <!-- vt003Documentcreation -->
  <testcase classname="com.evs.vtiger.testScript.MarketingDocuments" name="vt003Documentcreation" time="0.005">
    <skipped/>
  </testcase> <!-- vt003Documentcreation -->
</testsuite> <!-- Test2 -->
