<?xml version="1.0" encoding="UTF-8"?>
<!-- Generated by org.testng.reporters.JUnitXMLReporter -->
<testsuite ignored="0" hostname="DESKTOP-E27VPVB" failures="0" tests="3" name="Test3" time="0.515" errors="0" timestamp="2024-03-15T11:00:15 IST">
  <testcase classname="com.evs.vtiger.testScript.MarketingLeads" name="vt002LeadsCreation" time="0.0">
    <skipped/>
  </testcase> <!-- vt002LeadsCreation -->
  <testcase classname="com.evs.vtiger.testScript.MarketingLeads" name="vt002LeadsCreation" time="0.0">
    <skipped/>
  </testcase> <!-- vt002LeadsCreation -->
  <testcase classname="com.evs.vtiger.testScript.MarketingLeads" name="vt002LeadsCreation" time="0.0">
    <skipped/>
  </testcase> <!-- vt002LeadsCreation -->
</testsuite> <!-- Test3 -->
